<?xml version="1.0" encoding="UTF-8"?>
<testsuite name="com.alpha.obd2logger.PIDParserTest" tests="12" skipped="0" failures="0" errors="0" timestamp="2026-06-27T12:04:07" hostname="X870E" time="0.004">
  <properties/>
  <testcase name="extractAndParseHandlesSpacesAndEcho" classname="com.alpha.obd2logger.PIDParserTest" time="0.002"/>
  <testcase name="o2SensorParsesStft" classname="com.alpha.obd2logger.PIDParserTest" time="0.0"/>
  <testcase name="o2SensorParsesVoltage" classname="com.alpha.obd2logger.PIDParserTest" time="0.0"/>
  <testcase name="catalogueContainsCriticalLpgPids" classname="com.alpha.obd2logger.PIDParserTest" time="0.0"/>
  <testcase name="extractAndParseReturnsNullForEmptyResponse" classname="com.alpha.obd2logger.PIDParserTest" time="0.0"/>
  <testcase name="extractMultiHandlesO2StftPseudoPid" classname="com.alpha.obd2logger.PIDParserTest" time="0.0"/>
  <testcase name="extractMultiParsesMultiplePids" classname="com.alpha.obd2logger.PIDParserTest" time="0.0"/>
  <testcase name="extractAndParseReturnsNullForNoData" classname="com.alpha.obd2logger.PIDParserTest" time="0.0"/>
  <testcase name="o2SensorPidsArePresent" classname="com.alpha.obd2logger.PIDParserTest" time="0.0"/>
  <testcase name="parseReturnsNullForOutOfRange" classname="com.alpha.obd2logger.PIDParserTest" time="0.0"/>
  <testcase name="o2StftPidsAreLpgCritical" classname="com.alpha.obd2logger.PIDParserTest" time="0.0"/>
  <testcase name="parseRpmMatchesPythonReference" classname="com.alpha.obd2logger.PIDParserTest" time="0.0"/>
  <system-out><![CDATA[]]></system-out>
  <system-err><![CDATA[]]></system-err>
</testsuite>
